Godot Engine v4.4.1.stable.official.49a5bc7b6 - https://godotengine.org

first_scan_filesystem: begin: Project initialization steps: 5
	first_scan_filesystem: step 0: Scanning file structure...
	first_scan_filesystem: step 1: Loading global class names...
	first_scan_filesystem: step 2: Verifying GDExtensions...
	first_scan_filesystem: step 3: Creating autoload scripts...
	first_scan_filesystem: step 4: Initializing plugins...
	first_scan_filesystem: step 5: Starting file scan...
first_scan_filesystem: end
_update_scan_actions: begin: Scanning actions... steps: 36
	_update_scan_actions: step 0: 01_space_battle.png
	_update_scan_actions: step 1: 02_dogfight.png
	_update_scan_actions: step 2: 03_target_lock.png
	_update_scan_actions: step 3: 04_crew_deck.png
	_update_scan_actions: step 4: 05_fleet.png
	_update_scan_actions: step 5: contact_sheet.jpg
	_update_scan_actions: step 6: combat.ogg
	_update_scan_actions: step 7: exploration.ogg
	_update_scan_actions: step 8: station.ogg
	_update_scan_actions: step 9: ambient.ogg
	_update_scan_actions: step 10: asteroid_break.ogg
	_update_scan_actions: step 11: beam.ogg
	_update_scan_actions: step 12: board.ogg
	_update_scan_actions: step 13: boarding_fail.ogg
	_update_scan_actions: step 14: boarding_round.ogg
	_update_scan_actions: step 15: capture.ogg
	_update_scan_actions: step 16: disabled.ogg
	_update_scan_actions: step 17: engine_hit.ogg
	_update_scan_actions: step 18: explosion.ogg
	_update_scan_actions: step 19: hit.ogg
	_update_scan_actions: step 20: hull_alarm.ogg
	_update_scan_actions: step 21: laser.ogg
	_update_scan_actions: step 22: mining_hit.ogg
	_update_scan_actions: step 23: shield.ogg
	_update_scan_actions: step 24: subsystem_hit.ogg
	_update_scan_actions: step 25: thruster.ogg
	_update_scan_actions: step 26: ui_buy.ogg
	_update_scan_actions: step 27: ui_deny.ogg
	_update_scan_actions: step 28: ui_recruit.ogg
	_update_scan_actions: step 29: weapon_overheat.ogg
	_update_scan_actions: step 30: announcer_docking.ogg
	_update_scan_actions: step 31: announcer_welcome.ogg
	_update_scan_actions: step 32: commander_battle_stations.ogg
	_update_scan_actions: step 33: commander_engage.ogg
	_update_scan_actions: step 34: marine_affirmative.ogg
	_update_scan_actions: step 35: marine_contact.ogg
_update_scan_actions: end
reimport: begin: (Re)Importing Assets steps: 6
	reimport: step 0: Preparing files to reimport...
	reimport: step 1: Preparing files to reimport...
	reimport: step 2: Preparing files to reimport...
	reimport: step 3: Preparing files to reimport...
	reimport: step 4: Preparing files to reimport...
	reimport: step 5: Preparing files to reimport...
	reimport: step 0: Executing pre-reimport operations...
	reimport: step 0: 01_space_battle.png
	reimport: step 1: 02_dogfight.png
	reimport: step 2: 03_target_lock.png
	reimport: step 3: 04_crew_deck.png
	reimport: step 4: 05_fleet.png
	reimport: step 5: contact_sheet.jpg
	reimport: step 6: Finalizing Asset Import...
reimport: end
reimport: begin: (Re)Importing Assets steps: 6
	reimport: step 0: Executing post-reimport operations...
reimport: end
loading_editor_layout: begin: Loading editor steps: 5
	loading_editor_layout: step 0: Loading editor layout...
	loading_editor_layout: step 1: Loading docks...
	loading_editor_layout: step 2: Reopening scenes...
	loading_editor_layout: step 3: Loading central editor layout...
	loading_editor_layout: step 4: Loading plugin window layout...
	loading_editor_layout: step 5: Editor layout ready.
loading_editor_layout: end
